<?xml version="1.0" encoding="UTF-8"?>
<!-- Generated by org.testng.reporters.JUnitReportReporter -->
<testsuite skipped="0" hostname="Sharmins-iMac.lan" name="stockwatch.com.AppTest" tests="1" failures="0" timestamp="2022-09-03T20:04:04 EDT" time="0.001" errors="0">
  <testcase name="shouldAnswerWithTrue" time="0.001" classname="stockwatch.com.AppTest"/>
  <system-out/>
</testsuite> <!-- stockwatch.com.AppTest -->
