<?xml version="1.0" encoding="UTF-8"?>
<!-- Generated by org.testng.reporters.JUnitReportReporter -->
<testsuite skipped="0" hostname="Sharmins-iMac.lan" name="com.stockTests.LoginTest" tests="3" failures="0" timestamp="2022-09-08T12:38:12 EDT" time="9.339" errors="0">
  <testcase name="negativeloginTest" time="5.855" classname="com.stockTests.LoginTest"/>
  <system-out/>
  <testcase name="logoutTest" time="1.460" classname="com.stockTests.LoginTest"/>
  <system-out/>
  <testcase name="loginTest" time="2.024" classname="com.stockTests.LoginTest"/>
  <system-out/>
</testsuite> <!-- com.stockTests.LoginTest -->
