<?xml version="1.0" encoding="UTF-8"?>
<!-- Generated by org.testng.reporters.JUnitReportReporter -->
<testsuite skipped="0" hostname="Sharmins-iMac.lan" name="com.stockTests.UserRegistrationTest" tests="1" failures="0" timestamp="2022-09-07T17:53:46 EDT" time="16.563" errors="0">
  <testcase name="registrationNegativeTest" time="16.563" classname="com.stockTests.UserRegistrationTest"/>
  <system-out/>
</testsuite> <!-- com.stockTests.UserRegistrationTest -->
