<?xml version="1.0" encoding="UTF-8"?>
<!-- Generated by org.testng.reporters.JUnitReportReporter -->
<testsuite hostname="Sharmins-iMac.lan" failures="0" tests="1" name="stockwatch.com.AppTest" time="0.013" errors="0" timestamp="2022-08-25T17:11:12 EDT" skipped="0">
  <testcase classname="stockwatch.com.AppTest" name="shouldAnswerWithTrue" time="0.013"/>
  <system-out/>
</testsuite> <!-- stockwatch.com.AppTest -->
