<?xml version="1.0" encoding="UTF-8"?>
<!-- Generated by org.testng.reporters.JUnitReportReporter -->
<testsuite skipped="0" hostname="Sharmins-iMac.lan" name="com.stockTests.MarketsDropdownMenuTest" tests="2" failures="0" timestamp="2022-09-08T19:21:47 EDT" time="3.849" errors="0">
  <testcase name="getWorldMarkets" time="1.612" classname="com.stockTests.MarketsDropdownMenuTest"/>
  <system-out/>
  <testcase name="getMarkets" time="2.237" classname="com.stockTests.MarketsDropdownMenuTest"/>
  <system-out/>
</testsuite> <!-- com.stockTests.MarketsDropdownMenuTest -->
