<?xml version="1.0" encoding="UTF-8"?>
<!-- Generated by org.testng.reporters.JUnitReportReporter -->
<testsuite skipped="0" hostname="Sharmins-iMac.lan" name="com.stockTests.StockSectorsTest" tests="3" failures="0" timestamp="2022-09-07T12:38:50 EDT" time="17.371" errors="0">
  <testcase name="stockSectorsCountOfLinks" time="2.256" classname="com.stockTests.StockSectorsTest"/>
  <system-out/>
  <testcase name="sectorsText" time="0.037" classname="com.stockTests.StockSectorsTest"/>
  <system-out/>
  <testcase name="conDiscret" time="15.078" classname="com.stockTests.StockSectorsTest"/>
  <system-out/>
</testsuite> <!-- com.stockTests.StockSectorsTest -->
