<?xml version="1.0" encoding="UTF-8"?>
<!-- Generated by org.testng.reporters.JUnitReportReporter -->
<testsuite skipped="0" hostname="Sharmins-iMac.lan" name="com.stockTests.StockSectorsTest" tests="1" failures="0" timestamp="2022-09-08T12:14:45 EDT" time="2.216" errors="0">
  <testcase name="stockSectorsCountOfLinks" time="2.216" classname="com.stockTests.StockSectorsTest"/>
  <system-out/>
</testsuite> <!-- com.stockTests.StockSectorsTest -->
