<?xml version="1.0" encoding="UTF-8"?>
<!-- Generated by org.testng.reporters.JUnitReportReporter -->
<testsuite skipped="0" hostname="Sharmins-iMac.lan" name="com.stockTests.ViewFullPortfolioTest" tests="3" failures="0" timestamp="2022-09-07T16:56:37 EDT" time="14.645" errors="0">
  <testcase name="loginTest" time="2.343" classname="com.stockTests.ViewFullPortfolioTest"/>
  <system-out/>
  <testcase name="myEmailsTest" time="6.150" classname="com.stockTests.ViewFullPortfolioTest"/>
  <system-out/>
  <testcase name="logOutViewFullPortFolio" time="6.152" classname="com.stockTests.ViewFullPortfolioTest"/>
  <system-out/>
</testsuite> <!-- com.stockTests.ViewFullPortfolioTest -->
