<?xml version="1.0" encoding="UTF-8"?>
<!-- Generated by org.testng.reporters.JUnitReportReporter -->
<testsuite skipped="0" hostname="Sharmins-iMac.lan" name="com.stockTests.MarketsDropdownMenuTest" tests="2" failures="0" timestamp="2022-09-08T12:18:15 EDT" time="4.221" errors="0">
  <testcase name="getworldMarkets" time="1.973" classname="com.stockTests.MarketsDropdownMenuTest"/>
  <system-out/>
  <testcase name="getMarkets" time="2.248" classname="com.stockTests.MarketsDropdownMenuTest"/>
  <system-out/>
</testsuite> <!-- com.stockTests.MarketsDropdownMenuTest -->
