<?xml version="1.0" encoding="UTF-8"?>
<!-- Generated by org.testng.reporters.JUnitReportReporter -->
<testsuite hostname="Sharmins-iMac.lan" failures="0" tests="1" name="stockwatch.com.App" time="0.009" errors="0" timestamp="2022-08-29T17:32:48 EDT" skipped="0">
  <testcase classname="stockwatch.com.App" name="shouldAnswerWithTrue" time="0.009"/>
  <system-out/>
</testsuite> <!-- stockwatch.com.App -->
