<?xml version="1.0" encoding="UTF-8"?>
<!-- Generated by org.testng.reporters.JUnitReportReporter -->
<testsuite hostname="Sharmins-iMac.lan" failures="0" tests="1" name="com.stockTests.LogihTest" time="11.201" errors="0" timestamp="2022-08-25T15:56:22 EDT" skipped="0">
  <testcase classname="com.stockTests.LogihTest" name="loginTest" time="11.201"/>
  <system-out/>
</testsuite> <!-- com.stockTests.LogihTest -->
