<?xml version="1.0" encoding="UTF-8"?>
<!-- Generated by org.testng.reporters.JUnitReportReporter -->
<testsuite hostname="SHAKIL-XPS15A" failures="0" tests="1" name="stockwatch.com.App" time="0.000" errors="0" timestamp="2022-09-08T21:28:51 EDT" skipped="0">
  <testcase classname="stockwatch.com.App" name="shouldAnswerWithTrue" time="0.000"/>
  <system-out/>
</testsuite> <!-- stockwatch.com.App -->
