<?xml version="1.0" encoding="UTF-8"?>
<!-- Generated by org.testng.reporters.JUnitReportReporter -->
<testsuite skipped="0" hostname="Sharmins-iMac.lan" name="com.stockTests.NewsLetterTest" tests="2" failures="0" timestamp="2022-09-08T14:49:27 EDT" time="4.181" errors="0">
  <testcase name="getnewsLetter" time="3.245" classname="com.stockTests.NewsLetterTest"/>
  <system-out/>
  <testcase name="getIcon" time="0.936" classname="com.stockTests.NewsLetterTest"/>
  <system-out/>
</testsuite> <!-- com.stockTests.NewsLetterTest -->
