<?xml version="1.0" encoding="UTF-8"?>
<!-- Generated by org.testng.reporters.JUnitReportReporter -->
<testsuite skipped="0" hostname="Sharmins-iMac.lan" name="NewTest" tests="1" failures="0" timestamp="2022-09-06T17:49:35 EDT" time="0.007" errors="0">
  <testcase name="f" time="0.007" classname="NewTest"/>
  <system-out/>
</testsuite> <!-- NewTest -->
