<?xml version="1.0" encoding="UTF-8"?>
<!-- Generated by org.testng.reporters.JUnitReportReporter -->
<testsuite skipped="0" hostname="Sharmins-iMac.lan" name="com.stockTests.ViewFullPortfolioTest" tests="3" failures="0" timestamp="2022-09-08T12:20:41 EDT" time="14.276" errors="0">
  <testcase name="loginTest" time="1.927" classname="com.stockTests.ViewFullPortfolioTest"/>
  <system-out/>
  <testcase name="myEmailsTest" time="6.158" classname="com.stockTests.ViewFullPortfolioTest"/>
  <system-out/>
  <testcase name="logOutViewFullPortFolio" time="6.191" classname="com.stockTests.ViewFullPortfolioTest"/>
  <system-out/>
</testsuite> <!-- com.stockTests.ViewFullPortfolioTest -->
