<?xml version="1.0" encoding="UTF-8"?>
<!-- Generated by org.testng.reporters.JUnitReportReporter -->
<<<<<<< HEAD
<testsuite hostname="SHAKIL-XPS15A" failures="0" tests="3" name="com.stockTests.LoginTest" time="10.854" errors="0" timestamp="2022-09-08T21:34:17 EDT" skipped="0">
  <testcase classname="com.stockTests.LoginTest" name="loginTest" time="2.461"/>
  <system-out/>
  <testcase classname="com.stockTests.LoginTest" name="negativeloginTest" time="6.385"/>
  <system-out/>
  <testcase classname="com.stockTests.LoginTest" name="logoutTest" time="2.008"/>
=======
<testsuite skipped="0" hostname="Sharmins-iMac.lan" name="com.stockTests.LoginTest" tests="3" failures="0" timestamp="2022-09-08T12:38:12 EDT" time="9.339" errors="0">
  <testcase name="negativeloginTest" time="5.855" classname="com.stockTests.LoginTest"/>
  <system-out/>
  <testcase name="logoutTest" time="1.460" classname="com.stockTests.LoginTest"/>
  <system-out/>
  <testcase name="loginTest" time="2.024" classname="com.stockTests.LoginTest"/>
>>>>>>> main
  <system-out/>
</testsuite> <!-- com.stockTests.LoginTest -->
