<?xml version="1.0" encoding="UTF-8"?>
<!-- Generated by org.testng.reporters.JUnitReportReporter -->
<testsuite skipped="0" hostname="Sharmins-iMac.lan" name="com.stockTests.NewsLetterTest" tests="2" failures="0" timestamp="2022-09-07T12:30:49 EDT" time="3.717" errors="0">
  <testcase name="getIcon" time="0.644" classname="com.stockTests.NewsLetterTest"/>
  <system-out/>
  <testcase name="getnewsLetter" time="3.073" classname="com.stockTests.NewsLetterTest"/>
  <system-out/>
</testsuite> <!-- com.stockTests.NewsLetterTest -->
