<?xml version="1.0" encoding="UTF-8"?>
<!-- Generated by org.testng.reporters.JUnitReportReporter -->
<testsuite skipped="0" hostname="Sharmins-iMac.lan" name="com.stockTests.LoginTest" tests="3" failures="0" timestamp="2022-08-31T19:46:43 EDT" time="17.855" errors="0">
  <testcase name="logoutTest" time="1.366" classname="com.stockTests.LoginTest"/>
  <system-out/>
  <testcase name="loginTest" time="7.641" classname="com.stockTests.LoginTest"/>
  <system-out/>
  <testcase name="negativeloginTest" time="8.848" classname="com.stockTests.LoginTest"/>
  <system-out/>
</testsuite> <!-- com.stockTests.LoginTest -->
