<?xml version="1.0" encoding="UTF-8"?>
<!-- Generated by org.testng.reporters.JUnitReportReporter -->
<testsuite skipped="0" hostname="Sharmins-iMac.lan" name="com.stockTests.UserRegistrationTest" tests="1" failures="0" timestamp="2022-08-31T19:47:21 EDT" time="16.686" errors="0">
  <testcase name="registrationNegativeTest" time="16.686" classname="com.stockTests.UserRegistrationTest"/>
  <system-out/>
</testsuite> <!-- com.stockTests.UserRegistrationTest -->
