<?xml version="1.0" encoding="UTF-8"?>
<!-- Generated by org.testng.reporters.JUnitReportReporter -->
<testsuite hostname="SHAKIL-XPS15A" failures="0" tests="1" name="stockwatch.com.AppTest" time="0.001" errors="0" timestamp="2022-09-08T21:28:51 EDT" skipped="0">
  <testcase classname="stockwatch.com.AppTest" name="shouldAnswerWithTrue" time="0.001"/>
  <system-out/>
</testsuite> <!-- stockwatch.com.AppTest -->
