<?xml version="1.0" encoding="UTF-8"?>
<!-- Generated by org.testng.reporters.JUnitReportReporter -->
<testsuite hostname="SHAKIL-XPS15A" failures="0" tests="4" name="com.stockTests.ForexTest" time="53.186" errors="0" timestamp="2022-09-08T21:28:51 EDT" skipped="0">
  <testcase classname="com.stockTests.ForexTest" name="crossRatesChart_7" time="29.666"/>
  <system-out/>
  <testcase classname="com.stockTests.ForexTest" name="majorPairColorCheck_8" time="2.447"/>
  <system-out/>
  <testcase classname="com.stockTests.ForexTest" name="forexTestUSDBDT_9" time="12.057"/>
  <system-out/>
  <testcase classname="com.stockTests.ForexTest" name="USDBDTInterval_10" time="9.016"/>
  <system-out/>
</testsuite> <!-- com.stockTests.ForexTest -->
