<?xml version="1.0" encoding="UTF-8"?>
<!-- Generated by org.testng.reporters.JUnitReportReporter -->
<testsuite hostname="SHAKIL-XPS15A" failures="0" tests="3" name="com.stockTests.LoginTest" time="10.854" errors="0" timestamp="2022-09-08T21:34:17 EDT" skipped="0">
  <testcase classname="com.stockTests.LoginTest" name="loginTest" time="2.461"/>
  <system-out/>
  <testcase classname="com.stockTests.LoginTest" name="negativeloginTest" time="6.385"/>
  <system-out/>
  <testcase classname="com.stockTests.LoginTest" name="logoutTest" time="2.008"/>
  <system-out/>
</testsuite> <!-- com.stockTests.LoginTest -->
