<?xml version="1.0" encoding="UTF-8"?>
<!-- Generated by org.testng.reporters.JUnitReportReporter -->
<testsuite skipped="0" hostname="Sharmins-iMac.lan" name="com.stockTests.MouseHoverTest" tests="2" failures="0" timestamp="2022-09-06T17:51:59 EDT" time="2.073" errors="0">
  <testcase name="getworldMarkets" time="1.835" classname="com.stockTests.MouseHoverTest"/>
  <system-out/>
  <testcase name="getMarkets" time="0.238" classname="com.stockTests.MouseHoverTest"/>
  <system-out/>
</testsuite> <!-- com.stockTests.MouseHoverTest -->
